Build started 3/9/2016 9:18:23 PM.
     1>Project "C:\Users\Ashwin\Documents\Visual Studio 2015\Projects\TMMC\TMMC\TMMC.vcxproj" on node 2 (Build target(s)).
     1>ClCompile:
         C:\Program Files (x86)\Microsoft Visual Studio 14.0\VC\bin\CL.exe /c /Zi /nologo /W3 /WX- /sdl /O2 /Oi /Oy- /GL /D _MBCS /Gm- /EHsc /MD /GS /Gy /fp:precise /Zc:wchar_t /Zc:forScope /Zc:inline /Fo"Release\\" /Fd"Release\vc140.pdb" /Gd /TP /analyze- /errorReport:prompt "..\..\..\..\..\Desktop\Molec Modeling\TMMC project\code\main.cpp"
         main.cpp
     1>..\..\..\..\..\Desktop\Molec Modeling\TMMC project\code\main.cpp(142): warning C4101: 'vol': unreferenced local variable
     1>..\..\..\..\..\Desktop\Molec Modeling\TMMC project\code\main.cpp(144): warning C4101: 'r2': unreferenced local variable
     1>..\..\..\..\..\Desktop\Molec Modeling\TMMC project\code\main.cpp(141): warning C4101: 'vscale': unreferenced local variable
     1>..\..\..\..\..\Desktop\Molec Modeling\TMMC project\code\main.cpp(143): warning C4101: 'r1': unreferenced local variable
     1>..\..\..\..\..\Desktop\Molec Modeling\TMMC project\code\main.cpp(145): warning C4101: 'r3': unreferenced local variable
     1>..\..\..\..\..\Desktop\Molec Modeling\TMMC project\code\main.cpp(140): warning C4101: 'g1': unreferenced local variable
     1>..\..\..\..\..\Desktop\Molec Modeling\TMMC project\code\main.cpp(293): warning C4101: 'rij6': unreferenced local variable
     1>..\..\..\..\..\Desktop\Molec Modeling\TMMC project\code\main.cpp(291): warning C4101: 'yij': unreferenced local variable
     1>..\..\..\..\..\Desktop\Molec Modeling\TMMC project\code\main.cpp(289): warning C4101: 'Et': unreferenced local variable
     1>..\..\..\..\..\Desktop\Molec Modeling\TMMC project\code\main.cpp(293): warning C4101: 'rij2': unreferenced local variable
     1>..\..\..\..\..\Desktop\Molec Modeling\TMMC project\code\main.cpp(293): warning C4101: 'rij12': unreferenced local variable
     1>..\..\..\..\..\Desktop\Molec Modeling\TMMC project\code\main.cpp(290): warning C4101: 'xij': unreferenced local variable
     1>..\..\..\..\..\Desktop\Molec Modeling\TMMC project\code\main.cpp(293): warning C4101: 'rij4': unreferenced local variable
     1>..\..\..\..\..\Desktop\Molec Modeling\TMMC project\code\main.cpp(292): warning C4101: 'zij': unreferenced local variable
     1>..\..\..\..\..\Desktop\Molec Modeling\TMMC project\code\main.cpp(754): warning C4244: '=': conversion from 'double' to 'int', possible loss of data
     1>..\..\..\..\..\Desktop\Molec Modeling\TMMC project\code\main.cpp(1035): warning C4551: function call missing argument list
     1>..\..\..\..\..\Desktop\Molec Modeling\TMMC project\code\main.cpp(854): warning C4101: 'toprint': unreferenced local variable
       Link:
         C:\Program Files (x86)\Microsoft Visual Studio 14.0\VC\bin\link.exe /ERRORREPORT:PROMPT /OUT:"C:\Users\Ashwin\Documents\Visual Studio 2015\Projects\TMMC\Release\TMMC.exe" /NOLOGO kernel32.lib user32.lib gdi32.lib winspool.lib comdlg32.lib advapi32.lib shell32.lib ole32.lib oleaut32.lib uuid.lib odbc32.lib odbccp32.lib /MANIFEST /MANIFESTUAC:"level='asInvoker' uiAccess='false'" /manifest:embed /Debug /PDB:"C:\Users\Ashwin\Documents\Visual Studio 2015\Projects\TMMC\Release\TMMC.pdb" /OPT:REF /OPT:ICF /LTCG:incremental /TLBID:1 /DYNAMICBASE /NXCOMPAT /IMPLIB:"C:\Users\Ashwin\Documents\Visual Studio 2015\Projects\TMMC\Release\TMMC.lib" /MACHINE:X86 /SAFESEH Release\main.obj
         Release\random_mars.obj
         Generating code
         1 of 173 functions ( 0.6%) were compiled, the rest were copied from previous compilation.
           0 functions were new in current compilation
           0 functions had inline decision re-evaluated but remain unchanged
         Finished generating code
         TMMC.vcxproj -> C:\Users\Ashwin\Documents\Visual Studio 2015\Projects\TMMC\Release\TMMC.exe
     1>Done Building Project "C:\Users\Ashwin\Documents\Visual Studio 2015\Projects\TMMC\TMMC\TMMC.vcxproj" (Build target(s)).

Build succeeded.

Time Elapsed 00:00:06.15
